<?xml version="1.0" encoding="UTF-8"?>
<TestRun id="b874618e-7309-4b12-8061-c0196e8370b7" name="Human@HUMAN-PC 2012-05-29 12:53:39" runUser="Human-PC\Human" xmlns="http://microsoft.com/schemas/VisualStudio/TeamTest/2010">
  <TestSettings name="本地" id="1b57fa97-6b34-4fe5-9917-aff5d01f5e95">
    <Description>这些设置为本地测试运行的默认测试设置。</Description>
    <Deployment enabled="false" runDeploymentRoot="Human_HUMAN-PC 2012-05-29 12_53_39">
      <DeploymentItem filename="G:\NHibernate-3.1.0\Required_Bins\Iesi.Collections.dll" />
      <DeploymentItem filename="G:\ProjectManagermentSystem\BusinessLogicLib\bin\Debug\BusinessLogicLib.dll" />
      <DeploymentItem filename="G:\ProjectManagermentSystem\DataModels\bin\Debug\DataModels.dll" />
      <DeploymentItem filename="G:\NHibernate-3.1.0\Required_For_LazyLoading\Castle\Castle.Core.dll" />
      <DeploymentItem filename="G:\NHibernate-3.1.0\Required_For_LazyLoading\Castle\NHibernate.ByteCode.Castle.dll" />
      <DeploymentItem filename="G:\NHibernate-3.1.0\Required_For_LazyLoading\LinFu\LinFu.DynamicProxy.dll" />
      <DeploymentItem filename="G:\NHibernate-3.1.0\Tests\log4net.dll" />
      <DeploymentItem filename="G:\NHibernate-3.1.0\Required_Bins\NHibernate.dll" />
      <DeploymentItem filename="G:\NHibernate-3.1.0\Required_For_LazyLoading\LinFu\NHibernate.ByteCode.LinFu.dll" />
    </Deployment>
    <Execution>
      <TestTypeSpecific />
      <AgentRule name="Execution Agents">
      </AgentRule>
    </Execution>
  </TestSettings>
  <Times creation="2012-05-29T12:53:39.9917753+08:00" queuing="2012-05-29T12:53:42.3829121+08:00" start="2012-05-29T12:53:42.6199256+08:00" finish="2012-05-29T12:53:48.3072509+08:00" />
  <ResultSummary outcome="Completed">
    <Counters total="1" executed="1" passed="1" error="0" failed="0" timeout="0" aborted="0" inconclusive="0" passedButRunAborted="0" notRunnable="0" notExecuted="0" disconnected="0" warning="0" completed="0" inProgress="0" pending="0" />
  </ResultSummary>
  <TestDefinitions>
    <UnitTest name="IsUserValidatedTest" storage="g:\projectmanagermentsystem\projectmanagermentsystemtest\bin\debug\projectmanagermentsystemtest.dll" id="84e84e69-cf95-b596-f07a-b4fb77cb5f90">
      <Execution id="16600922-b612-40ce-97b2-29a27d444a23" />
      <TestMethod codeBase="G:/ProjectManagermentSystem/ProjectManagermentSystemTest/bin/Debug/ProjectManagermentSystemTest.DLL" adapterTypeName="Microsoft.VisualStudio.TestTools.TestTypes.Unit.UnitTestAdapter, Microsoft.VisualStudio.QualityTools.Tips.UnitTest.Adapter, Version=10.0.0.0, Culture=neutral, PublicKeyToken=b03f5f7f11d50a3a" className="ProjectManagermentSystemTest.LoginTest, ProjectManagermentSystemTest, Version=1.0.0.0, Culture=neutral, PublicKeyToken=null" name="IsUserValidatedTest" />
    </UnitTest>
  </TestDefinitions>
  <TestLists>
    <TestList name="列表中未列出的结果" id="8c84fa94-04c1-424b-9868-57a2d4851a1d" />
    <TestList name="所有已加载的结果" id="19431567-8539-422a-85d7-44ee4e166bda" />
  </TestLists>
  <TestEntries>
    <TestEntry testId="84e84e69-cf95-b596-f07a-b4fb77cb5f90" executionId="16600922-b612-40ce-97b2-29a27d444a23" testListId="8c84fa94-04c1-424b-9868-57a2d4851a1d" />
  </TestEntries>
  <Results>
    <UnitTestResult executionId="16600922-b612-40ce-97b2-29a27d444a23" testId="84e84e69-cf95-b596-f07a-b4fb77cb5f90" testName="IsUserValidatedTest" computerName="HUMAN-PC" duration="00:00:03.7355857" startTime="2012-05-29T12:53:42.8179370+08:00" endTime="2012-05-29T12:53:48.1522421+08:00" testType="13cdc9d9-ddb5-4fa4-a97d-d965ccfc6d4b" outcome="Passed" testListId="8c84fa94-04c1-424b-9868-57a2d4851a1d" relativeResultsDirectory="16600922-b612-40ce-97b2-29a27d444a23">
    </UnitTestResult>
  </Results>
</TestRun>