<?xml version="1.0" encoding="UTF-8"?>
<TestRun id="29d1ef5f-9f87-4d49-961a-95909f8abca0" name="Human@HUMAN-PC 2012-05-27 15:20:09" runUser="Human-PC\Human" xmlns="http://microsoft.com/schemas/VisualStudio/TeamTest/2010">
  <TestSettings name="本地" id="1b57fa97-6b34-4fe5-9917-aff5d01f5e95">
    <Description>这些设置为本地测试运行的默认测试设置。</Description>
    <Deployment enabled="false" runDeploymentRoot="Human_HUMAN-PC 2012-05-27 15_20_09">
      <DeploymentItem filename="G:\NHibernate-3.1.0\Required_Bins\Iesi.Collections.dll" />
      <DeploymentItem filename="G:\ProjectManagermentSystem\BusinessLogicLib\bin\Debug\BusinessLogicLib.dll" />
      <DeploymentItem filename="G:\ProjectManagermentSystem\DataModels\bin\Debug\DataModels.dll" />
      <DeploymentItem filename="G:\NHibernate-3.1.0\Required_For_LazyLoading\Castle\Castle.Core.dll" />
      <DeploymentItem filename="G:\NHibernate-3.1.0\Required_For_LazyLoading\Castle\NHibernate.ByteCode.Castle.dll" />
      <DeploymentItem filename="G:\NHibernate-3.1.0\Required_For_LazyLoading\LinFu\LinFu.DynamicProxy.dll" />
      <DeploymentItem filename="G:\NHibernate-3.1.0\Tests\log4net.dll" />
      <DeploymentItem filename="G:\NHibernate-3.1.0\Required_Bins\NHibernate.dll" />
      <DeploymentItem filename="G:\NHibernate-3.1.0\Required_For_LazyLoading\LinFu\NHibernate.ByteCode.LinFu.dll" />
    </Deployment>
    <Execution>
      <TestTypeSpecific />
      <AgentRule name="Execution Agents">
      </AgentRule>
    </Execution>
  </TestSettings>
  <Times creation="2012-05-27T15:20:09.1124721+08:00" queuing="2012-05-27T15:20:11.6186154+08:00" start="2012-05-27T15:20:11.8666296+08:00" finish="2012-05-27T15:20:21.2371656+08:00" />
  <ResultSummary outcome="Failed">
    <Counters total="13" executed="13" passed="9" error="0" failed="4" timeout="0" aborted="0" inconclusive="0" passedButRunAborted="0" notRunnable="0" notExecuted="0" disconnected="0" warning="0" completed="0" inProgress="0" pending="0" />
  </ResultSummary>
  <TestDefinitions>
    <UnitTest name="IsProjectSetupByUser" storage="g:\projectmanagermentsystem\projectmanagermentsystemtest\bin\debug\projectmanagermentsystemtest.dll" id="69fa5293-5b96-8d4b-6238-8f599bb5fa30">
      <Execution id="ed4ef828-6735-43e6-95db-f7fefbc96c1b" />
      <TestMethod codeBase="G:/ProjectManagermentSystem/ProjectManagermentSystemTest/bin/Debug/ProjectManagermentSystemTest.DLL" adapterTypeName="Microsoft.VisualStudio.TestTools.TestTypes.Unit.UnitTestAdapter, Microsoft.VisualStudio.QualityTools.Tips.UnitTest.Adapter, Version=10.0.0.0, Culture=neutral, PublicKeyToken=b03f5f7f11d50a3a" className="ProjectManagermentSystemTest.ProjectTest, ProjectManagermentSystemTest, Version=1.0.0.0, Culture=neutral, PublicKeyToken=null" name="IsProjectSetupByUser" />
    </UnitTest>
    <UnitTest name="IsUserValidatedTest" storage="g:\projectmanagermentsystem\projectmanagermentsystemtest\bin\debug\projectmanagermentsystemtest.dll" id="84e84e69-cf95-b596-f07a-b4fb77cb5f90">
      <Execution id="d491870e-02b4-4248-88b2-dfe11e1461a3" />
      <TestMethod codeBase="G:/ProjectManagermentSystem/ProjectManagermentSystemTest/bin/Debug/ProjectManagermentSystemTest.DLL" adapterTypeName="Microsoft.VisualStudio.TestTools.TestTypes.Unit.UnitTestAdapter, Microsoft.VisualStudio.QualityTools.Tips.UnitTest.Adapter, Version=10.0.0.0, Culture=neutral, PublicKeyToken=b03f5f7f11d50a3a" className="ProjectManagermentSystemTest.LoginTest, ProjectManagermentSystemTest, Version=1.0.0.0, Culture=neutral, PublicKeyToken=null" name="IsUserValidatedTest" />
    </UnitTest>
    <UnitTest name="IsUserRegisteredTest" storage="g:\projectmanagermentsystem\projectmanagermentsystemtest\bin\debug\projectmanagermentsystemtest.dll" id="1c3a1a72-f5a6-0448-5adb-5a319e4dfb6c">
      <Execution id="26e5b54d-15c4-450a-b8e0-370f182de3dc" />
      <TestMethod codeBase="G:/ProjectManagermentSystem/ProjectManagermentSystemTest/bin/Debug/ProjectManagermentSystemTest.DLL" adapterTypeName="Microsoft.VisualStudio.TestTools.TestTypes.Unit.UnitTestAdapter, Microsoft.VisualStudio.QualityTools.Tips.UnitTest.Adapter, Version=10.0.0.0, Culture=neutral, PublicKeyToken=b03f5f7f11d50a3a" className="ProjectManagermentSystemTest.LoginTest, ProjectManagermentSystemTest, Version=1.0.0.0, Culture=neutral, PublicKeyToken=null" name="IsUserRegisteredTest" />
    </UnitTest>
    <UnitTest name="FindSimilarUsersTest" storage="g:\projectmanagermentsystem\projectmanagermentsystemtest\bin\debug\projectmanagermentsystemtest.dll" id="dfaafef9-90e4-74fb-0cea-96ccbf8e361e">
      <Execution id="97d84e9c-94c1-4b7f-b668-9b76550489cc" />
      <TestMethod codeBase="G:/ProjectManagermentSystem/ProjectManagermentSystemTest/bin/Debug/ProjectManagermentSystemTest.DLL" adapterTypeName="Microsoft.VisualStudio.TestTools.TestTypes.Unit.UnitTestAdapter, Microsoft.VisualStudio.QualityTools.Tips.UnitTest.Adapter, Version=10.0.0.0, Culture=neutral, PublicKeyToken=b03f5f7f11d50a3a" className="ProjectManagermentSystemTest.UserOperationTest, ProjectManagermentSystemTest, Version=1.0.0.0, Culture=neutral, PublicKeyToken=null" name="FindSimilarUsersTest" />
    </UnitTest>
    <UnitTest name="AddNewProjectTest" storage="g:\projectmanagermentsystem\projectmanagermentsystemtest\bin\debug\projectmanagermentsystemtest.dll" id="eaea2ed1-9bcd-b38c-6ff0-c74f3cef5571">
      <Execution id="7109a684-3e4b-4e0a-a095-4f3f17465f8b" />
      <TestMethod codeBase="G:/ProjectManagermentSystem/ProjectManagermentSystemTest/bin/Debug/ProjectManagermentSystemTest.DLL" adapterTypeName="Microsoft.VisualStudio.TestTools.TestTypes.Unit.UnitTestAdapter, Microsoft.VisualStudio.QualityTools.Tips.UnitTest.Adapter, Version=10.0.0.0, Culture=neutral, PublicKeyToken=b03f5f7f11d50a3a" className="ProjectManagermentSystemTest.ProjectTest, ProjectManagermentSystemTest, Version=1.0.0.0, Culture=neutral, PublicKeyToken=null" name="AddNewProjectTest" />
    </UnitTest>
    <UnitTest name="DatabaseConnTest" storage="g:\projectmanagermentsystem\projectmanagermentsystemtest\bin\debug\projectmanagermentsystemtest.dll" id="0544ed8d-33f7-ffba-ffdb-8034923fc999">
      <Execution id="bd7ee06c-37e4-4337-920c-7b2770532498" />
      <TestMethod codeBase="G:/ProjectManagermentSystem/ProjectManagermentSystemTest/bin/Debug/ProjectManagermentSystemTest.DLL" adapterTypeName="Microsoft.VisualStudio.TestTools.TestTypes.Unit.UnitTestAdapter, Microsoft.VisualStudio.QualityTools.Tips.UnitTest.Adapter, Version=10.0.0.0, Culture=neutral, PublicKeyToken=b03f5f7f11d50a3a" className="ProjectManagermentSystemTest.LoginTest, ProjectManagermentSystemTest, Version=1.0.0.0, Culture=neutral, PublicKeyToken=null" name="DatabaseConnTest" />
    </UnitTest>
    <UnitTest name="UserRegisterTest" storage="g:\projectmanagermentsystem\projectmanagermentsystemtest\bin\debug\projectmanagermentsystemtest.dll" id="c1208b1a-0d55-4a78-3fa0-174c80597241">
      <Execution id="5174dc1a-737d-474b-b27d-9ec1641655c5" />
      <TestMethod codeBase="G:/ProjectManagermentSystem/ProjectManagermentSystemTest/bin/Debug/ProjectManagermentSystemTest.DLL" adapterTypeName="Microsoft.VisualStudio.TestTools.TestTypes.Unit.UnitTestAdapter, Microsoft.VisualStudio.QualityTools.Tips.UnitTest.Adapter, Version=10.0.0.0, Culture=neutral, PublicKeyToken=b03f5f7f11d50a3a" className="ProjectManagermentSystemTest.LoginTest, ProjectManagermentSystemTest, Version=1.0.0.0, Culture=neutral, PublicKeyToken=null" name="UserRegisterTest" />
    </UnitTest>
    <UnitTest name="DbConnectionTest" storage="g:\projectmanagermentsystem\projectmanagermentsystemtest\bin\debug\projectmanagermentsystemtest.dll" id="6d43179b-27d2-680a-c14c-3160f7ee5b92">
      <Execution id="6cc699f8-b58e-463b-9d1c-b27c17963f4b" />
      <TestMethod codeBase="G:/ProjectManagermentSystem/ProjectManagermentSystemTest/bin/Debug/ProjectManagermentSystemTest.DLL" adapterTypeName="Microsoft.VisualStudio.TestTools.TestTypes.Unit.UnitTestAdapter, Microsoft.VisualStudio.QualityTools.Tips.UnitTest.Adapter, Version=10.0.0.0, Culture=neutral, PublicKeyToken=b03f5f7f11d50a3a" className="ProjectManagermentSystemTest.ProjectTest, ProjectManagermentSystemTest, Version=1.0.0.0, Culture=neutral, PublicKeyToken=null" name="DbConnectionTest" />
    </UnitTest>
    <UnitTest name="DbConnectionTest1" storage="g:\projectmanagermentsystem\projectmanagermentsystemtest\bin\debug\projectmanagermentsystemtest.dll" id="c449792e-1815-3c4b-0609-8969c7985188">
      <Execution id="ba476787-48a5-437c-80c6-a03cc6e1f40f" />
      <TestMethod codeBase="G:/ProjectManagermentSystem/ProjectManagermentSystemTest/bin/Debug/ProjectManagermentSystemTest.DLL" adapterTypeName="Microsoft.VisualStudio.TestTools.TestTypes.Unit.UnitTestAdapter, Microsoft.VisualStudio.QualityTools.Tips.UnitTest.Adapter, Version=10.0.0.0, Culture=neutral, PublicKeyToken=b03f5f7f11d50a3a" className="ProjectManagermentSystemTest.ProjectTest, ProjectManagermentSystemTest, Version=1.0.0.0, Culture=neutral, PublicKeyToken=null" name="DbConnectionTest1" />
    </UnitTest>
    <UnitTest name="FindExactUserTest" storage="g:\projectmanagermentsystem\projectmanagermentsystemtest\bin\debug\projectmanagermentsystemtest.dll" id="28c87d5d-f290-c4ca-b025-e1d00b57b080">
      <Execution id="2aced18d-2fd1-49ca-a8d0-b4a2c248b533" />
      <TestMethod codeBase="G:/ProjectManagermentSystem/ProjectManagermentSystemTest/bin/Debug/ProjectManagermentSystemTest.DLL" adapterTypeName="Microsoft.VisualStudio.TestTools.TestTypes.Unit.UnitTestAdapter, Microsoft.VisualStudio.QualityTools.Tips.UnitTest.Adapter, Version=10.0.0.0, Culture=neutral, PublicKeyToken=b03f5f7f11d50a3a" className="ProjectManagermentSystemTest.UserOperationTest, ProjectManagermentSystemTest, Version=1.0.0.0, Culture=neutral, PublicKeyToken=null" name="FindExactUserTest" />
    </UnitTest>
    <UnitTest name="MySetupProjectTest" storage="g:\projectmanagermentsystem\projectmanagermentsystemtest\bin\debug\projectmanagermentsystemtest.dll" id="ea350b06-1035-dbf5-0eee-cd514d5249f0">
      <Execution id="a18e83c5-1aa2-4201-b045-bb03ad094da4" />
      <TestMethod codeBase="G:/ProjectManagermentSystem/ProjectManagermentSystemTest/bin/Debug/ProjectManagermentSystemTest.DLL" adapterTypeName="Microsoft.VisualStudio.TestTools.TestTypes.Unit.UnitTestAdapter, Microsoft.VisualStudio.QualityTools.Tips.UnitTest.Adapter, Version=10.0.0.0, Culture=neutral, PublicKeyToken=b03f5f7f11d50a3a" className="ProjectManagermentSystemTest.ProjectTest, ProjectManagermentSystemTest, Version=1.0.0.0, Culture=neutral, PublicKeyToken=null" name="MySetupProjectTest" />
    </UnitTest>
    <UnitTest name="AddUserTest" storage="g:\projectmanagermentsystem\projectmanagermentsystemtest\bin\debug\projectmanagermentsystemtest.dll" id="ee3564a8-bedf-fee3-5c4c-07f2a336b2d3">
      <Execution id="22ea5a51-9d18-4778-925c-92d08eed20d8" />
      <TestMethod codeBase="G:/ProjectManagermentSystem/ProjectManagermentSystemTest/bin/Debug/ProjectManagermentSystemTest.DLL" adapterTypeName="Microsoft.VisualStudio.TestTools.TestTypes.Unit.UnitTestAdapter, Microsoft.VisualStudio.QualityTools.Tips.UnitTest.Adapter, Version=10.0.0.0, Culture=neutral, PublicKeyToken=b03f5f7f11d50a3a" className="ProjectManagermentSystemTest.LoginTest, ProjectManagermentSystemTest, Version=1.0.0.0, Culture=neutral, PublicKeyToken=null" name="AddUserTest" />
    </UnitTest>
    <UnitTest name="GetUserSetupProjectByIdTest" storage="g:\projectmanagermentsystem\projectmanagermentsystemtest\bin\debug\projectmanagermentsystemtest.dll" id="f7473b82-04ac-c209-6af2-0c28b329e702">
      <Execution id="87b3faf4-dfe8-4d59-a833-799c716ac3ad" />
      <TestMethod codeBase="G:/ProjectManagermentSystem/ProjectManagermentSystemTest/bin/Debug/ProjectManagermentSystemTest.DLL" adapterTypeName="Microsoft.VisualStudio.TestTools.TestTypes.Unit.UnitTestAdapter, Microsoft.VisualStudio.QualityTools.Tips.UnitTest.Adapter, Version=10.0.0.0, Culture=neutral, PublicKeyToken=b03f5f7f11d50a3a" className="ProjectManagermentSystemTest.ProjectTest, ProjectManagermentSystemTest, Version=1.0.0.0, Culture=neutral, PublicKeyToken=null" name="GetUserSetupProjectByIdTest" />
    </UnitTest>
  </TestDefinitions>
  <TestLists>
    <TestList name="列表中未列出的结果" id="8c84fa94-04c1-424b-9868-57a2d4851a1d" />
    <TestList name="所有已加载的结果" id="19431567-8539-422a-85d7-44ee4e166bda" />
  </TestLists>
  <TestEntries>
    <TestEntry testId="0544ed8d-33f7-ffba-ffdb-8034923fc999" executionId="bd7ee06c-37e4-4337-920c-7b2770532498" testListId="8c84fa94-04c1-424b-9868-57a2d4851a1d" />
    <TestEntry testId="1c3a1a72-f5a6-0448-5adb-5a319e4dfb6c" executionId="26e5b54d-15c4-450a-b8e0-370f182de3dc" testListId="8c84fa94-04c1-424b-9868-57a2d4851a1d" />
    <TestEntry testId="28c87d5d-f290-c4ca-b025-e1d00b57b080" executionId="2aced18d-2fd1-49ca-a8d0-b4a2c248b533" testListId="8c84fa94-04c1-424b-9868-57a2d4851a1d" />
    <TestEntry testId="69fa5293-5b96-8d4b-6238-8f599bb5fa30" executionId="ed4ef828-6735-43e6-95db-f7fefbc96c1b" testListId="8c84fa94-04c1-424b-9868-57a2d4851a1d" />
    <TestEntry testId="6d43179b-27d2-680a-c14c-3160f7ee5b92" executionId="6cc699f8-b58e-463b-9d1c-b27c17963f4b" testListId="8c84fa94-04c1-424b-9868-57a2d4851a1d" />
    <TestEntry testId="84e84e69-cf95-b596-f07a-b4fb77cb5f90" executionId="d491870e-02b4-4248-88b2-dfe11e1461a3" testListId="8c84fa94-04c1-424b-9868-57a2d4851a1d" />
    <TestEntry testId="c1208b1a-0d55-4a78-3fa0-174c80597241" executionId="5174dc1a-737d-474b-b27d-9ec1641655c5" testListId="8c84fa94-04c1-424b-9868-57a2d4851a1d" />
    <TestEntry testId="c449792e-1815-3c4b-0609-8969c7985188" executionId="ba476787-48a5-437c-80c6-a03cc6e1f40f" testListId="8c84fa94-04c1-424b-9868-57a2d4851a1d" />
    <TestEntry testId="dfaafef9-90e4-74fb-0cea-96ccbf8e361e" executionId="97d84e9c-94c1-4b7f-b668-9b76550489cc" testListId="8c84fa94-04c1-424b-9868-57a2d4851a1d" />
    <TestEntry testId="ea350b06-1035-dbf5-0eee-cd514d5249f0" executionId="a18e83c5-1aa2-4201-b045-bb03ad094da4" testListId="8c84fa94-04c1-424b-9868-57a2d4851a1d" />
    <TestEntry testId="eaea2ed1-9bcd-b38c-6ff0-c74f3cef5571" executionId="7109a684-3e4b-4e0a-a095-4f3f17465f8b" testListId="8c84fa94-04c1-424b-9868-57a2d4851a1d" />
    <TestEntry testId="ee3564a8-bedf-fee3-5c4c-07f2a336b2d3" executionId="22ea5a51-9d18-4778-925c-92d08eed20d8" testListId="8c84fa94-04c1-424b-9868-57a2d4851a1d" />
    <TestEntry testId="f7473b82-04ac-c209-6af2-0c28b329e702" executionId="87b3faf4-dfe8-4d59-a833-799c716ac3ad" testListId="8c84fa94-04c1-424b-9868-57a2d4851a1d" />
  </TestEntries>
  <Results>
    <UnitTestResult executionId="bd7ee06c-37e4-4337-920c-7b2770532498" testId="0544ed8d-33f7-ffba-ffdb-8034923fc999" testName="DatabaseConnTest" computerName="HUMAN-PC" duration="00:00:02.8770074" startTime="2012-05-27T15:20:12.0816419+08:00" endTime="2012-05-27T15:20:16.5458972+08:00" testType="13cdc9d9-ddb5-4fa4-a97d-d965ccfc6d4b" outcome="Passed" testListId="8c84fa94-04c1-424b-9868-57a2d4851a1d" relativeResultsDirectory="bd7ee06c-37e4-4337-920c-7b2770532498">
    </UnitTestResult>
    <UnitTestResult executionId="26e5b54d-15c4-450a-b8e0-370f182de3dc" testId="1c3a1a72-f5a6-0448-5adb-5a319e4dfb6c" testName="IsUserRegisteredTest" computerName="HUMAN-PC" duration="00:00:01.0401875" startTime="2012-05-27T15:20:16.6199015+08:00" endTime="2012-05-27T15:20:17.6849624+08:00" testType="13cdc9d9-ddb5-4fa4-a97d-d965ccfc6d4b" outcome="Passed" testListId="8c84fa94-04c1-424b-9868-57a2d4851a1d" relativeResultsDirectory="26e5b54d-15c4-450a-b8e0-370f182de3dc">
    </UnitTestResult>
    <UnitTestResult executionId="2aced18d-2fd1-49ca-a8d0-b4a2c248b533" testId="28c87d5d-f290-c4ca-b025-e1d00b57b080" testName="FindExactUserTest" computerName="HUMAN-PC" duration="00:00:00.0576564" startTime="2012-05-27T15:20:17.7329651+08:00" endTime="2012-05-27T15:20:17.8169700+08:00" testType="13cdc9d9-ddb5-4fa4-a97d-d965ccfc6d4b" outcome="Passed" testListId="8c84fa94-04c1-424b-9868-57a2d4851a1d" relativeResultsDirectory="2aced18d-2fd1-49ca-a8d0-b4a2c248b533">
    </UnitTestResult>
    <UnitTestResult executionId="ed4ef828-6735-43e6-95db-f7fefbc96c1b" testId="69fa5293-5b96-8d4b-6238-8f599bb5fa30" testName="IsProjectSetupByUser" computerName="HUMAN-PC" duration="00:00:00.5807999" startTime="2012-05-27T15:20:17.8309708+08:00" endTime="2012-05-27T15:20:18.4270048+08:00" testType="13cdc9d9-ddb5-4fa4-a97d-d965ccfc6d4b" outcome="Failed" testListId="8c84fa94-04c1-424b-9868-57a2d4851a1d" relativeResultsDirectory="ed4ef828-6735-43e6-95db-f7fefbc96c1b">
      <Output>
        <ErrorInfo>
          <Message>测试方法 ProjectManagermentSystemTest.ProjectTest.IsProjectSetupByUser 引发了异常: 
System.InvalidOperationException: 序列不包含任何元素</Message>
          <StackTrace>    在 NHibernate.Linq.NhQueryProvider.ExecuteQuery(NhLinqExpression nhLinqExpression, IQuery query, NhLinqExpression nhQuery) 位置 d:\CSharp\NH\NH\nhibernate\src\NHibernate\Linq\NhQueryProvider.cs:行号 89
   在 NHibernate.Linq.NhQueryProvider.Execute(Expression expression) 位置 d:\CSharp\NH\NH\nhibernate\src\NHibernate\Linq\NhQueryProvider.cs:行号 28
   在 NHibernate.Linq.NhQueryProvider.Execute[TResult](Expression expression) 位置 d:\CSharp\NH\NH\nhibernate\src\NHibernate\Linq\NhQueryProvider.cs:行号 103
   在 System.Linq.Queryable.First[TSource](IQueryable`1 source)
   在 BusinessLogicLib.UserProject.GetProjectById(ISession session, Int32 id) 位置 G:\ProjectManagermentSystem\BusinessLogicLib\Project\UserProject.cs:行号 67
   在 BusinessLogicLib.UserProject.GetUserSetupProjects(String username) 位置 G:\ProjectManagermentSystem\BusinessLogicLib\Project\UserProject.cs:行号 48
   在 BusinessLogicLib.UserProject.GetUserSetupProjectById(Int32 id, String username) 位置 G:\ProjectManagermentSystem\BusinessLogicLib\Project\UserProject.cs:行号 96
   在 BusinessLogicLib.UserProject.IsProjectSetupByUser(Int32 id, String username) 位置 G:\ProjectManagermentSystem\BusinessLogicLib\Project\UserProject.cs:行号 147
   在 ProjectManagermentSystemTest.ProjectTest.IsProjectSetupByUser() 位置 G:\ProjectManagermentSystem\ProjectManagermentSystemTest\ProjectTest.cs:行号 124
</StackTrace>
        </ErrorInfo>
      </Output>
    </UnitTestResult>
    <UnitTestResult executionId="6cc699f8-b58e-463b-9d1c-b27c17963f4b" testId="6d43179b-27d2-680a-c14c-3160f7ee5b92" testName="DbConnectionTest" computerName="HUMAN-PC" duration="00:00:00.1893858" startTime="2012-05-27T15:20:18.4520063+08:00" endTime="2012-05-27T15:20:18.6560179+08:00" testType="13cdc9d9-ddb5-4fa4-a97d-d965ccfc6d4b" outcome="Passed" testListId="8c84fa94-04c1-424b-9868-57a2d4851a1d" relativeResultsDirectory="6cc699f8-b58e-463b-9d1c-b27c17963f4b">
    </UnitTestResult>
    <UnitTestResult executionId="d491870e-02b4-4248-88b2-dfe11e1461a3" testId="84e84e69-cf95-b596-f07a-b4fb77cb5f90" testName="IsUserValidatedTest" computerName="HUMAN-PC" duration="00:00:00.0761056" startTime="2012-05-27T15:20:18.6710188+08:00" endTime="2012-05-27T15:20:18.7700245+08:00" testType="13cdc9d9-ddb5-4fa4-a97d-d965ccfc6d4b" outcome="Passed" testListId="8c84fa94-04c1-424b-9868-57a2d4851a1d" relativeResultsDirectory="d491870e-02b4-4248-88b2-dfe11e1461a3">
    </UnitTestResult>
    <UnitTestResult executionId="5174dc1a-737d-474b-b27d-9ec1641655c5" testId="c1208b1a-0d55-4a78-3fa0-174c80597241" testName="UserRegisterTest" computerName="HUMAN-PC" duration="00:00:00.0525360" startTime="2012-05-27T15:20:18.7810251+08:00" endTime="2012-05-27T15:20:18.8510291+08:00" testType="13cdc9d9-ddb5-4fa4-a97d-d965ccfc6d4b" outcome="Passed" testListId="8c84fa94-04c1-424b-9868-57a2d4851a1d" relativeResultsDirectory="5174dc1a-737d-474b-b27d-9ec1641655c5">
    </UnitTestResult>
    <UnitTestResult executionId="ba476787-48a5-437c-80c6-a03cc6e1f40f" testId="c449792e-1815-3c4b-0609-8969c7985188" testName="DbConnectionTest1" computerName="HUMAN-PC" duration="00:00:00.1911186" startTime="2012-05-27T15:20:18.8730304+08:00" endTime="2012-05-27T15:20:19.0780421+08:00" testType="13cdc9d9-ddb5-4fa4-a97d-d965ccfc6d4b" outcome="Passed" testListId="8c84fa94-04c1-424b-9868-57a2d4851a1d" relativeResultsDirectory="ba476787-48a5-437c-80c6-a03cc6e1f40f">
    </UnitTestResult>
    <UnitTestResult executionId="97d84e9c-94c1-4b7f-b668-9b76550489cc" testId="dfaafef9-90e4-74fb-0cea-96ccbf8e361e" testName="FindSimilarUsersTest" computerName="HUMAN-PC" duration="00:00:00.1553685" startTime="2012-05-27T15:20:19.0940430+08:00" endTime="2012-05-27T15:20:19.2660528+08:00" testType="13cdc9d9-ddb5-4fa4-a97d-d965ccfc6d4b" outcome="Failed" testListId="8c84fa94-04c1-424b-9868-57a2d4851a1d" relativeResultsDirectory="97d84e9c-94c1-4b7f-b668-9b76550489cc">
      <Output>
        <ErrorInfo>
          <Message>Assert.AreEqual 失败。应为: &lt;1&gt;，实际为: &lt;5&gt;。</Message>
          <StackTrace>   在 ProjectManagermentSystemTest.UserOperationTest.FindSimilarUsersTest() 位置 G:\ProjectManagermentSystem\ProjectManagermentSystemTest\UserOperationTest.cs:行号 79
</StackTrace>
        </ErrorInfo>
      </Output>
    </UnitTestResult>
    <UnitTestResult executionId="a18e83c5-1aa2-4201-b045-bb03ad094da4" testId="ea350b06-1035-dbf5-0eee-cd514d5249f0" testName="MySetupProjectTest" computerName="HUMAN-PC" duration="00:00:00.0466023" startTime="2012-05-27T15:20:19.2810537+08:00" endTime="2012-05-27T15:20:19.3450574+08:00" testType="13cdc9d9-ddb5-4fa4-a97d-d965ccfc6d4b" outcome="Passed" testListId="8c84fa94-04c1-424b-9868-57a2d4851a1d" relativeResultsDirectory="a18e83c5-1aa2-4201-b045-bb03ad094da4">
    </UnitTestResult>
    <UnitTestResult executionId="7109a684-3e4b-4e0a-a095-4f3f17465f8b" testId="eaea2ed1-9bcd-b38c-6ff0-c74f3cef5571" testName="AddNewProjectTest" computerName="HUMAN-PC" duration="00:00:00.4990358" startTime="2012-05-27T15:20:19.3620583+08:00" endTime="2012-05-27T15:20:19.8750877+08:00" testType="13cdc9d9-ddb5-4fa4-a97d-d965ccfc6d4b" outcome="Passed" testListId="8c84fa94-04c1-424b-9868-57a2d4851a1d" relativeResultsDirectory="7109a684-3e4b-4e0a-a095-4f3f17465f8b">
    </UnitTestResult>
    <UnitTestResult executionId="22ea5a51-9d18-4778-925c-92d08eed20d8" testId="ee3564a8-bedf-fee3-5c4c-07f2a336b2d3" testName="AddUserTest" computerName="HUMAN-PC" duration="00:00:00.1357249" startTime="2012-05-27T15:20:19.8870884+08:00" endTime="2012-05-27T15:20:20.0370969+08:00" testType="13cdc9d9-ddb5-4fa4-a97d-d965ccfc6d4b" outcome="Failed" testListId="8c84fa94-04c1-424b-9868-57a2d4851a1d" relativeResultsDirectory="22ea5a51-9d18-4778-925c-92d08eed20d8">
      <Output>
        <ErrorInfo>
          <Message>Assert.AreEqual 失败。应为: &lt;True&gt;，实际为: &lt;False&gt;。</Message>
          <StackTrace>   在 ProjectManagermentSystemTest.LoginTest.AddUserTest() 位置 G:\ProjectManagermentSystem\ProjectManagermentSystemTest\LoginTest.cs:行号 126
</StackTrace>
        </ErrorInfo>
      </Output>
    </UnitTestResult>
    <UnitTestResult executionId="87b3faf4-dfe8-4d59-a833-799c716ac3ad" testId="f7473b82-04ac-c209-6af2-0c28b329e702" testName="GetUserSetupProjectByIdTest" computerName="HUMAN-PC" duration="00:00:00.5151652" startTime="2012-05-27T15:20:20.0660986+08:00" endTime="2012-05-27T15:20:20.5951289+08:00" testType="13cdc9d9-ddb5-4fa4-a97d-d965ccfc6d4b" outcome="Failed" testListId="8c84fa94-04c1-424b-9868-57a2d4851a1d" relativeResultsDirectory="87b3faf4-dfe8-4d59-a833-799c716ac3ad">
      <Output>
        <ErrorInfo>
          <Message>测试方法 ProjectManagermentSystemTest.ProjectTest.GetUserSetupProjectByIdTest 引发了异常: 
System.InvalidOperationException: 序列不包含任何元素</Message>
          <StackTrace>    在 NHibernate.Linq.NhQueryProvider.ExecuteQuery(NhLinqExpression nhLinqExpression, IQuery query, NhLinqExpression nhQuery) 位置 d:\CSharp\NH\NH\nhibernate\src\NHibernate\Linq\NhQueryProvider.cs:行号 89
   在 NHibernate.Linq.NhQueryProvider.Execute(Expression expression) 位置 d:\CSharp\NH\NH\nhibernate\src\NHibernate\Linq\NhQueryProvider.cs:行号 28
   在 NHibernate.Linq.NhQueryProvider.Execute[TResult](Expression expression) 位置 d:\CSharp\NH\NH\nhibernate\src\NHibernate\Linq\NhQueryProvider.cs:行号 103
   在 System.Linq.Queryable.First[TSource](IQueryable`1 source)
   在 BusinessLogicLib.UserProject.GetProjectById(ISession session, Int32 id) 位置 G:\ProjectManagermentSystem\BusinessLogicLib\Project\UserProject.cs:行号 67
   在 BusinessLogicLib.UserProject.GetUserSetupProjects(String username) 位置 G:\ProjectManagermentSystem\BusinessLogicLib\Project\UserProject.cs:行号 48
   在 BusinessLogicLib.UserProject.GetUserSetupProjectById(Int32 id, String username) 位置 G:\ProjectManagermentSystem\BusinessLogicLib\Project\UserProject.cs:行号 96
   在 ProjectManagermentSystemTest.ProjectTest.GetUserSetupProjectByIdTest() 位置 G:\ProjectManagermentSystem\ProjectManagermentSystemTest\ProjectTest.cs:行号 108
</StackTrace>
        </ErrorInfo>
      </Output>
    </UnitTestResult>
  </Results>
</TestRun>