<?xml version="1.0" encoding="UTF-8"?>
<TestRun id="c5c91b9d-6946-43c2-b63d-c4b7b8a56817" name="Human@HUMAN-PC 2012-05-18 20:51:59" runUser="Human-PC\Human" xmlns="http://microsoft.com/schemas/VisualStudio/TeamTest/2010">
  <TestSettings name="本地" id="1b57fa97-6b34-4fe5-9917-aff5d01f5e95">
    <Description>这些设置为本地测试运行的默认测试设置。</Description>
    <Deployment enabled="false" runDeploymentRoot="Human_HUMAN-PC 2012-05-18 20_51_59">
      <DeploymentItem filename="G:\NHibernate-3.1.0\Required_Bins\Iesi.Collections.dll" />
      <DeploymentItem filename="G:\ProjectManagermentSystem\BusinessLogicLib\bin\Debug\BusinessLogicLib.dll" />
      <DeploymentItem filename="G:\ProjectManagermentSystem\DataModels\bin\Debug\DataModels.dll" />
      <DeploymentItem filename="G:\NHibernate-3.1.0\Required_For_LazyLoading\Castle\Castle.Core.dll" />
      <DeploymentItem filename="G:\NHibernate-3.1.0\Required_For_LazyLoading\Castle\NHibernate.ByteCode.Castle.dll" />
      <DeploymentItem filename="G:\NHibernate-3.1.0\Required_For_LazyLoading\LinFu\LinFu.DynamicProxy.dll" />
      <DeploymentItem filename="G:\NHibernate-3.1.0\Tests\log4net.dll" />
      <DeploymentItem filename="G:\NHibernate-3.1.0\Required_Bins\NHibernate.dll" />
      <DeploymentItem filename="G:\NHibernate-3.1.0\Required_For_LazyLoading\LinFu\NHibernate.ByteCode.LinFu.dll" />
    </Deployment>
    <Execution>
      <TestTypeSpecific />
      <AgentRule name="Execution Agents">
      </AgentRule>
    </Execution>
  </TestSettings>
  <Times creation="2012-05-18T20:51:59.8558361+08:00" queuing="2012-05-18T20:52:03.7950614+08:00" start="2012-05-18T20:52:04.0500760+08:00" finish="2012-05-18T20:52:39.4871029+08:00" />
  <ResultSummary outcome="Failed">
    <Counters total="2" executed="2" passed="1" error="0" failed="1" timeout="0" aborted="0" inconclusive="0" passedButRunAborted="0" notRunnable="0" notExecuted="0" disconnected="0" warning="0" completed="0" inProgress="0" pending="0" />
  </ResultSummary>
  <TestDefinitions>
    <UnitTest name="IsUserRegisteredTest" storage="g:\projectmanagermentsystem\projectmanagermentsystemtest\bin\debug\projectmanagermentsystemtest.dll" id="1c3a1a72-f5a6-0448-5adb-5a319e4dfb6c">
      <Execution id="371914d6-80c8-41cb-ada2-ad9d852ea7a0" />
      <TestMethod codeBase="G:/ProjectManagermentSystem/ProjectManagermentSystemTest/bin/Debug/ProjectManagermentSystemTest.DLL" adapterTypeName="Microsoft.VisualStudio.TestTools.TestTypes.Unit.UnitTestAdapter, Microsoft.VisualStudio.QualityTools.Tips.UnitTest.Adapter, Version=10.0.0.0, Culture=neutral, PublicKeyToken=b03f5f7f11d50a3a" className="ProjectManagermentSystemTest.LoginTest, ProjectManagermentSystemTest, Version=1.0.0.0, Culture=neutral, PublicKeyToken=null" name="IsUserRegisteredTest" />
    </UnitTest>
    <UnitTest name="DatabaseConn" storage="g:\projectmanagermentsystem\projectmanagermentsystemtest\bin\debug\projectmanagermentsystemtest.dll" id="268f3f96-d4bc-37c4-2cca-d565f9d92e09">
      <Execution id="569fa045-e369-423c-b4a0-596b6f1f322d" />
      <TestMethod codeBase="G:/ProjectManagermentSystem/ProjectManagermentSystemTest/bin/Debug/ProjectManagermentSystemTest.DLL" adapterTypeName="Microsoft.VisualStudio.TestTools.TestTypes.Unit.UnitTestAdapter, Microsoft.VisualStudio.QualityTools.Tips.UnitTest.Adapter, Version=10.0.0.0, Culture=neutral, PublicKeyToken=b03f5f7f11d50a3a" className="ProjectManagermentSystemTest.LoginTest, ProjectManagermentSystemTest, Version=1.0.0.0, Culture=neutral, PublicKeyToken=null" name="DatabaseConn" />
    </UnitTest>
  </TestDefinitions>
  <TestLists>
    <TestList name="列表中未列出的结果" id="8c84fa94-04c1-424b-9868-57a2d4851a1d" />
    <TestList name="所有已加载的结果" id="19431567-8539-422a-85d7-44ee4e166bda" />
  </TestLists>
  <TestEntries>
    <TestEntry testId="1c3a1a72-f5a6-0448-5adb-5a319e4dfb6c" executionId="371914d6-80c8-41cb-ada2-ad9d852ea7a0" testListId="8c84fa94-04c1-424b-9868-57a2d4851a1d" />
    <TestEntry testId="268f3f96-d4bc-37c4-2cca-d565f9d92e09" executionId="569fa045-e369-423c-b4a0-596b6f1f322d" testListId="8c84fa94-04c1-424b-9868-57a2d4851a1d" />
  </TestEntries>
  <Results>
    <UnitTestResult executionId="371914d6-80c8-41cb-ada2-ad9d852ea7a0" testId="1c3a1a72-f5a6-0448-5adb-5a319e4dfb6c" testName="IsUserRegisteredTest" computerName="HUMAN-PC" duration="00:00:18.3137738" startTime="2012-05-18T20:52:04.3600937+08:00" endTime="2012-05-18T20:52:24.9972741+08:00" testType="13cdc9d9-ddb5-4fa4-a97d-d965ccfc6d4b" outcome="Failed" testListId="8c84fa94-04c1-424b-9868-57a2d4851a1d" relativeResultsDirectory="371914d6-80c8-41cb-ada2-ad9d852ea7a0">
      <Output>
        <ErrorInfo>
          <Message>Assert.AreEqual 失败。应为: &lt;True&gt;，实际为: &lt;False&gt;。</Message>
          <StackTrace>   在 ProjectManagermentSystemTest.LoginTest.IsUserRegisteredTest() 位置 G:\ProjectManagermentSystem\ProjectManagermentSystemTest\LoginTest.cs:行号 76
</StackTrace>
        </ErrorInfo>
      </Output>
    </UnitTestResult>
    <UnitTestResult executionId="569fa045-e369-423c-b4a0-596b6f1f322d" testId="268f3f96-d4bc-37c4-2cca-d565f9d92e09" testName="DatabaseConn" computerName="HUMAN-PC" duration="00:00:13.4870000" startTime="2012-05-18T20:52:25.0772787+08:00" endTime="2012-05-18T20:52:38.6070525+08:00" testType="13cdc9d9-ddb5-4fa4-a97d-d965ccfc6d4b" outcome="Passed" testListId="8c84fa94-04c1-424b-9868-57a2d4851a1d" relativeResultsDirectory="569fa045-e369-423c-b4a0-596b6f1f322d">
    </UnitTestResult>
  </Results>
</TestRun>