<?xml version="1.0" encoding="UTF-8"?>
<TestRun id="5f84974f-69cd-4cfe-865b-ab703634fe85" name="Human@HUMAN-PC 2012-05-29 20:17:25" runUser="Human-PC\Human" xmlns="http://microsoft.com/schemas/VisualStudio/TeamTest/2010">
  <TestSettings name="本地" id="1b57fa97-6b34-4fe5-9917-aff5d01f5e95">
    <Description>这些设置为本地测试运行的默认测试设置。</Description>
    <Deployment enabled="false" runDeploymentRoot="Human_HUMAN-PC 2012-05-29 20_17_25">
      <DeploymentItem filename="G:\NHibernate-3.1.0\Required_Bins\Iesi.Collections.dll" />
      <DeploymentItem filename="G:\ProjectManagermentSystem\BusinessLogicLib\bin\Debug\BusinessLogicLib.dll" />
      <DeploymentItem filename="G:\ProjectManagermentSystem\DataModels\bin\Debug\DataModels.dll" />
      <DeploymentItem filename="G:\NHibernate-3.1.0\Required_For_LazyLoading\Castle\Castle.Core.dll" />
      <DeploymentItem filename="G:\NHibernate-3.1.0\Required_For_LazyLoading\Castle\NHibernate.ByteCode.Castle.dll" />
      <DeploymentItem filename="G:\NHibernate-3.1.0\Required_For_LazyLoading\LinFu\LinFu.DynamicProxy.dll" />
      <DeploymentItem filename="G:\NHibernate-3.1.0\Tests\log4net.dll" />
      <DeploymentItem filename="G:\NHibernate-3.1.0\Required_Bins\NHibernate.dll" />
      <DeploymentItem filename="G:\NHibernate-3.1.0\Required_For_LazyLoading\LinFu\NHibernate.ByteCode.LinFu.dll" />
    </Deployment>
    <Execution>
      <TestTypeSpecific />
      <AgentRule name="Execution Agents">
      </AgentRule>
    </Execution>
  </TestSettings>
  <Times creation="2012-05-29T20:17:25.4245017+08:00" queuing="2012-05-29T20:17:29.2307194+08:00" start="2012-05-29T20:17:29.6047408+08:00" finish="2012-05-29T20:17:35.8300969+08:00" />
  <ResultSummary outcome="Failed">
    <Counters total="1" executed="1" error="0" failed="1" timeout="0" aborted="0" inconclusive="0" passedButRunAborted="0" notRunnable="0" notExecuted="0" disconnected="0" warning="0" passed="0" completed="0" inProgress="0" pending="0" />
  </ResultSummary>
  <TestDefinitions>
    <UnitTest name="MySetupProjectTest" storage="g:\projectmanagermentsystem\projectmanagermentsystemtest\bin\debug\projectmanagermentsystemtest.dll" id="ea350b06-1035-dbf5-0eee-cd514d5249f0">
      <Execution id="7a6ac231-6ad4-4f05-ad84-4367f5eae416" />
      <TestMethod codeBase="G:/ProjectManagermentSystem/ProjectManagermentSystemTest/bin/Debug/ProjectManagermentSystemTest.DLL" adapterTypeName="Microsoft.VisualStudio.TestTools.TestTypes.Unit.UnitTestAdapter, Microsoft.VisualStudio.QualityTools.Tips.UnitTest.Adapter, Version=10.0.0.0, Culture=neutral, PublicKeyToken=b03f5f7f11d50a3a" className="ProjectManagermentSystemTest.ProjectTest, ProjectManagermentSystemTest, Version=1.0.0.0, Culture=neutral, PublicKeyToken=null" name="MySetupProjectTest" />
    </UnitTest>
  </TestDefinitions>
  <TestLists>
    <TestList name="列表中未列出的结果" id="8c84fa94-04c1-424b-9868-57a2d4851a1d" />
    <TestList name="所有已加载的结果" id="19431567-8539-422a-85d7-44ee4e166bda" />
  </TestLists>
  <TestEntries>
    <TestEntry testId="ea350b06-1035-dbf5-0eee-cd514d5249f0" executionId="7a6ac231-6ad4-4f05-ad84-4367f5eae416" testListId="8c84fa94-04c1-424b-9868-57a2d4851a1d" />
  </TestEntries>
  <Results>
    <UnitTestResult executionId="7a6ac231-6ad4-4f05-ad84-4367f5eae416" testId="ea350b06-1035-dbf5-0eee-cd514d5249f0" testName="MySetupProjectTest" computerName="HUMAN-PC" duration="00:00:03.9547197" startTime="2012-05-29T20:17:29.8247534+08:00" endTime="2012-05-29T20:17:35.6370859+08:00" testType="13cdc9d9-ddb5-4fa4-a97d-d965ccfc6d4b" outcome="Failed" testListId="8c84fa94-04c1-424b-9868-57a2d4851a1d" relativeResultsDirectory="7a6ac231-6ad4-4f05-ad84-4367f5eae416">
      <Output>
        <ErrorInfo>
          <Message>Assert.AreEqual 失败。应为: &lt;10&gt;，实际为: &lt;11&gt;。</Message>
          <StackTrace>   在 ProjectManagermentSystemTest.ProjectTest.MySetupProjectTest() 位置 G:\ProjectManagermentSystem\ProjectManagermentSystemTest\ProjectTest.cs:行号 114
</StackTrace>
        </ErrorInfo>
      </Output>
    </UnitTestResult>
  </Results>
</TestRun>