<?xml version="1.0" encoding="UTF-8"?>
<TestRun id="690d869d-22e6-4393-94c0-46ebc59547d7" name="Human@HUMAN-PC 2012-05-29 13:31:38" runUser="Human-PC\Human" xmlns="http://microsoft.com/schemas/VisualStudio/TeamTest/2010">
  <TestSettings name="本地" id="1b57fa97-6b34-4fe5-9917-aff5d01f5e95">
    <Description>这些设置为本地测试运行的默认测试设置。</Description>
    <Deployment enabled="false" runDeploymentRoot="Human_HUMAN-PC 2012-05-29 13_31_38">
      <DeploymentItem filename="G:\NHibernate-3.1.0\Required_Bins\Iesi.Collections.dll" />
      <DeploymentItem filename="G:\ProjectManagermentSystem\BusinessLogicLib\bin\Debug\BusinessLogicLib.dll" />
      <DeploymentItem filename="G:\ProjectManagermentSystem\DataModels\bin\Debug\DataModels.dll" />
      <DeploymentItem filename="G:\NHibernate-3.1.0\Required_For_LazyLoading\Castle\Castle.Core.dll" />
      <DeploymentItem filename="G:\NHibernate-3.1.0\Required_For_LazyLoading\Castle\NHibernate.ByteCode.Castle.dll" />
      <DeploymentItem filename="G:\NHibernate-3.1.0\Required_For_LazyLoading\LinFu\LinFu.DynamicProxy.dll" />
      <DeploymentItem filename="G:\NHibernate-3.1.0\Tests\log4net.dll" />
      <DeploymentItem filename="G:\NHibernate-3.1.0\Required_Bins\NHibernate.dll" />
      <DeploymentItem filename="G:\NHibernate-3.1.0\Required_For_LazyLoading\LinFu\NHibernate.ByteCode.LinFu.dll" />
    </Deployment>
    <Execution>
      <TestTypeSpecific />
      <AgentRule name="Execution Agents">
      </AgentRule>
    </Execution>
  </TestSettings>
  <Times creation="2012-05-29T13:31:38.2070818+08:00" queuing="2012-05-29T13:31:40.4672111+08:00" start="2012-05-29T13:31:40.6942240+08:00" finish="2012-05-29T13:31:46.6115625+08:00" />
  <ResultSummary outcome="Failed">
    <Counters total="1" executed="1" error="0" failed="1" timeout="0" aborted="0" inconclusive="0" passedButRunAborted="0" notRunnable="0" notExecuted="0" disconnected="0" warning="0" passed="0" completed="0" inProgress="0" pending="0" />
  </ResultSummary>
  <TestDefinitions>
    <UnitTest name="AddNewProjectTest" storage="g:\projectmanagermentsystem\projectmanagermentsystemtest\bin\debug\projectmanagermentsystemtest.dll" id="eaea2ed1-9bcd-b38c-6ff0-c74f3cef5571">
      <Execution id="eabd5550-53a5-4620-81e5-76eb186700bb" />
      <TestMethod codeBase="G:/ProjectManagermentSystem/ProjectManagermentSystemTest/bin/Debug/ProjectManagermentSystemTest.DLL" adapterTypeName="Microsoft.VisualStudio.TestTools.TestTypes.Unit.UnitTestAdapter, Microsoft.VisualStudio.QualityTools.Tips.UnitTest.Adapter, Version=10.0.0.0, Culture=neutral, PublicKeyToken=b03f5f7f11d50a3a" className="ProjectManagermentSystemTest.ProjectTest, ProjectManagermentSystemTest, Version=1.0.0.0, Culture=neutral, PublicKeyToken=null" name="AddNewProjectTest" />
    </UnitTest>
  </TestDefinitions>
  <TestLists>
    <TestList name="列表中未列出的结果" id="8c84fa94-04c1-424b-9868-57a2d4851a1d" />
    <TestList name="所有已加载的结果" id="19431567-8539-422a-85d7-44ee4e166bda" />
  </TestLists>
  <TestEntries>
    <TestEntry testId="eaea2ed1-9bcd-b38c-6ff0-c74f3cef5571" executionId="eabd5550-53a5-4620-81e5-76eb186700bb" testListId="8c84fa94-04c1-424b-9868-57a2d4851a1d" />
  </TestEntries>
  <Results>
    <UnitTestResult executionId="eabd5550-53a5-4620-81e5-76eb186700bb" testId="eaea2ed1-9bcd-b38c-6ff0-c74f3cef5571" testName="AddNewProjectTest" computerName="HUMAN-PC" duration="00:00:03.2841767" startTime="2012-05-29T13:31:40.9092363+08:00" endTime="2012-05-29T13:31:45.9035220+08:00" testType="13cdc9d9-ddb5-4fa4-a97d-d965ccfc6d4b" outcome="Failed" testListId="8c84fa94-04c1-424b-9868-57a2d4851a1d" relativeResultsDirectory="eabd5550-53a5-4620-81e5-76eb186700bb">
      <Output>
        <ErrorInfo>
          <Message>测试方法 ProjectManagermentSystemTest.ProjectTest.AddNewProjectTest 引发了异常: 
NHibernate.Exceptions.GenericADOException: could not insert: [DataModels.Object.ProjectRole][SQL: INSERT INTO roletable (rolename, rolemen, pr_id, state) VALUES (?, ?, ?, ?)] ---&gt; MySql.Data.MySqlClient.MySqlException: Column 'state' cannot be null</Message>
          <StackTrace>    在 MySql.Data.MySqlClient.MySqlStream.ReadPacket()
   在 MySql.Data.MySqlClient.NativeDriver.GetResult(Int32&amp; affectedRow, Int32&amp; insertedId)
   在 MySql.Data.MySqlClient.Driver.GetResult(Int32 statementId, Int32&amp; affectedRows, Int32&amp; insertedId)
   在 MySql.Data.MySqlClient.Driver.NextResult(Int32 statementId)
   在 MySql.Data.MySqlClient.MySqlDataReader.NextResult()
   在 MySql.Data.MySqlClient.MySqlCommand.ExecuteReader(CommandBehavior behavior)
   在 MySql.Data.MySqlClient.MySqlCommand.ExecuteReader()
   在 MySql.Data.MySqlClient.MySqlCommand.ExecuteNonQuery()
   在 NHibernate.AdoNet.AbstractBatcher.ExecuteNonQuery(IDbCommand cmd) 位置 d:\CSharp\NH\NH\nhibernate\src\NHibernate\AdoNet\AbstractBatcher.cs:行号 216
   在 NHibernate.Id.Insert.AbstractSelectingDelegate.PerformInsert(SqlCommandInfo insertSQL, ISessionImplementor session, IBinder binder) 位置 d:\CSharp\NH\NH\nhibernate\src\NHibernate\Id\Insert\AbstractSelectingDelegate.cs:行号 38
 --- 内部异常堆栈跟踪的末尾 ---
    在 NHibernate.Id.Insert.AbstractSelectingDelegate.PerformInsert(SqlCommandInfo insertSQL, ISessionImplementor session, IBinder binder) 位置 d:\CSharp\NH\NH\nhibernate\src\NHibernate\Id\Insert\AbstractSelectingDelegate.cs:行号 47
   在 NHibernate.Persister.Entity.AbstractEntityPersister.Insert(Object[] fields, Boolean[] notNull, SqlCommandInfo sql, Object obj, ISessionImplementor session) 位置 d:\CSharp\NH\NH\nhibernate\src\NHibernate\Persister\Entity\AbstractEntityPersister.cs:行号 2565
   在 NHibernate.Persister.Entity.AbstractEntityPersister.Insert(Object[] fields, Object obj, ISessionImplementor session) 位置 d:\CSharp\NH\NH\nhibernate\src\NHibernate\Persister\Entity\AbstractEntityPersister.cs:行号 3025
   在 NHibernate.Action.EntityIdentityInsertAction.Execute() 位置 d:\CSharp\NH\NH\nhibernate\src\NHibernate\Action\EntityIdentityInsertAction.cs:行号 75
   在 NHibernate.Engine.ActionQueue.Execute(IExecutable executable) 位置 d:\CSharp\NH\NH\nhibernate\src\NHibernate\Engine\ActionQueue.cs:行号 136
   在 NHibernate.Event.Default.AbstractSaveEventListener.PerformSaveOrReplicate(Object entity, EntityKey key, IEntityPersister persister, Boolean useIdentityColumn, Object anything, IEventSource source, Boolean requiresImmediateIdAccess) 位置 d:\CSharp\NH\NH\nhibernate\src\NHibernate\Event\Default\AbstractSaveEventListener.cs:行号 259
   在 NHibernate.Event.Default.AbstractSaveEventListener.PerformSave(Object entity, Object id, IEntityPersister persister, Boolean useIdentityColumn, Object anything, IEventSource source, Boolean requiresImmediateIdAccess) 位置 d:\CSharp\NH\NH\nhibernate\src\NHibernate\Event\Default\AbstractSaveEventListener.cs:行号 187
   在 NHibernate.Event.Default.AbstractSaveEventListener.SaveWithGeneratedId(Object entity, String entityName, Object anything, IEventSource source, Boolean requiresImmediateIdAccess) 位置 d:\CSharp\NH\NH\nhibernate\src\NHibernate\Event\Default\AbstractSaveEventListener.cs:行号 119
   在 NHibernate.Event.Default.DefaultSaveOrUpdateEventListener.SaveWithGeneratedOrRequestedId(SaveOrUpdateEvent event) 位置 d:\CSharp\NH\NH\nhibernate\src\NHibernate\Event\Default\DefaultSaveOrUpdateEventListener.cs:行号 162
   在 NHibernate.Event.Default.DefaultSaveEventListener.SaveWithGeneratedOrRequestedId(SaveOrUpdateEvent event) 位置 d:\CSharp\NH\NH\nhibernate\src\NHibernate\Event\Default\DefaultSaveEventListener.cs:行号 29
   在 NHibernate.Event.Default.DefaultSaveOrUpdateEventListener.EntityIsTransient(SaveOrUpdateEvent event) 位置 d:\CSharp\NH\NH\nhibernate\src\NHibernate\Event\Default\DefaultSaveOrUpdateEventListener.cs:行号 148
   在 NHibernate.Event.Default.DefaultSaveEventListener.PerformSaveOrUpdate(SaveOrUpdateEvent event) 位置 d:\CSharp\NH\NH\nhibernate\src\NHibernate\Event\Default\DefaultSaveEventListener.cs:行号 21
   在 NHibernate.Event.Default.DefaultSaveOrUpdateEventListener.OnSaveOrUpdate(SaveOrUpdateEvent event) 位置 d:\CSharp\NH\NH\nhibernate\src\NHibernate\Event\Default\DefaultSaveOrUpdateEventListener.cs:行号 53
   在 NHibernate.Impl.SessionImpl.FireSave(SaveOrUpdateEvent event) 位置 d:\CSharp\NH\NH\nhibernate\src\NHibernate\Impl\SessionImpl.cs:行号 2612
   在 NHibernate.Impl.SessionImpl.Save(Object obj) 位置 d:\CSharp\NH\NH\nhibernate\src\NHibernate\Impl\SessionImpl.cs:行号 474
   在 ProjectManagermentSystemTest.ProjectTest.AddNewProjectTest() 位置 G:\ProjectManagermentSystem\ProjectManagermentSystemTest\ProjectTest.cs:行号 143
</StackTrace>
        </ErrorInfo>
      </Output>
    </UnitTestResult>
  </Results>
</TestRun>